[debug] [2019-06-23T08:34:58.060Z] ----------------------------------------------------------------------
[debug] [2019-06-23T08:34:58.062Z] Command:       /usr/local/bin/node /usr/local/bin/firebase deploy
[debug] [2019-06-23T08:34:58.062Z] CLI Version:   7.0.0
[debug] [2019-06-23T08:34:58.062Z] Platform:      darwin
[debug] [2019-06-23T08:34:58.062Z] Node Version:  v10.16.0
[debug] [2019-06-23T08:34:58.063Z] Time:          Sun Jun 23 2019 15:34:58 GMT+0700 (Indochina Time)
[debug] [2019-06-23T08:34:58.063Z] ----------------------------------------------------------------------
[debug] 
[debug] [2019-06-23T08:34:58.071Z] > command requires scopes: ["email","openid","https://www.googleapis.com/auth/cloudplatformprojects.readonly","https://www.googleapis.com/auth/firebase","https://www.googleapis.com/auth/cloud-platform"]
[debug] [2019-06-23T08:34:58.071Z] > authorizing via signed-in user
[debug] [2019-06-23T08:34:58.071Z] [iam] checking project jason-basic-contact-manager for permissions ["datastore.indexes.create","datastore.indexes.delete","datastore.indexes.list","datastore.indexes.update","firebase.projects.get","firebasehosting.sites.update"]
[debug] [2019-06-23T08:34:58.073Z] > refreshing access token with scopes: ["email","https://www.googleapis.com/auth/cloud-platform","https://www.googleapis.com/auth/cloudplatformprojects.readonly","https://www.googleapis.com/auth/firebase","openid"]
[debug] [2019-06-23T08:34:58.073Z] >>> HTTP REQUEST POST https://www.googleapis.com/oauth2/v3/token  
 <request body omitted>
[debug] [2019-06-23T08:34:58.352Z] <<< HTTP RESPONSE 200
[debug] [2019-06-23T08:34:58.364Z] >>> HTTP REQUEST POST https://cloudresourcemanager.googleapis.com/v1/projects/jason-basic-contact-manager:testIamPermissions  

[debug] [2019-06-23T08:34:59.654Z] <<< HTTP RESPONSE 200
[debug] [2019-06-23T08:34:59.656Z] >>> HTTP REQUEST GET https://firebase.googleapis.com/v1beta1/projects/jason-basic-contact-manager  
 
[debug] [2019-06-23T08:35:00.198Z] <<< HTTP RESPONSE 200
[info] 
[info] === Deploying to 'jason-basic-contact-manager'...
[info] 
[info] i  deploying firestore, hosting
[info] i  firestore: checking firestore.rules for compilation errors...
[info] i  firestore: reading indexes from firestore.indexes.json...
[debug] [2019-06-23T08:35:00.206Z] >>> HTTP REQUEST POST https://firebaserules.googleapis.com/v1/projects/jason-basic-contact-manager:test  

